
> gba-portal@0.1.0 dev
> next dev --hostname 0.0.0.0 --port 3000

▲ Next.js 16.1.6 (Turbopack)
- Local:         http://localhost:3000
- Network:       http://0.0.0.0:3000

✓ Starting...
✓ Ready in 795ms
 GET / 200 in 1986ms (compile: 1469ms, render: 518ms)
✓ Compiled in 80ms
✓ Compiled in 28ms
✓ Compiled in 61ms
 GET / 200 in 500ms (compile: 250ms, render: 250ms)
 GET / 200 in 64ms (compile: 2ms, render: 62ms)
✓ Compiled in 85ms
✓ Compiled in 21ms
✓ Compiled in 69ms
✓ Compiled in 27ms
✓ Compiled in 27ms
✓ Compiled in 18ms
 GET / 200 in 277ms (compile: 47ms, render: 230ms)
 GET / 200 in 137ms (compile: 5ms, render: 132ms)
✓ Compiled in 60ms
✓ Compiled in 2.5s
 GET / 200 in 717ms (compile: 449ms, render: 268ms)
 GET /health 200 in 892ms (compile: 878ms, render: 14ms)
 GET / 200 in 99ms (compile: 6ms, render: 94ms)
 GET / 200 in 513ms (compile: 299ms, render: 214ms)
 GET / 200 in 161ms (compile: 31ms, render: 130ms)
 GET / 200 in 204ms (compile: 2ms, render: 201ms)
⚠ Cross origin request detected from 76.13.33.246 to /_next/* resource. In a future major version of Next.js, you will need to explicitly configure "allowedDevOrigins" in next.config to allow this.
Read more: https://nextjs.org/docs/app/api-reference/config/next-config-js/allowedDevOrigins
 GET / 200 in 68ms (compile: 3ms, render: 65ms)
 GET / 200 in 68ms (compile: 3ms, render: 66ms)
 GET / 200 in 72ms (compile: 4ms, render: 69ms)
 GET / 200 in 76ms (compile: 2ms, render: 74ms)
 GET /login 200 in 554ms (compile: 510ms, render: 44ms)
 GET / 200 in 75ms (compile: 5ms, render: 70ms)
 GET /sponsors 200 in 767ms (compile: 511ms, render: 255ms)
 GET / 200 in 37ms (compile: 4ms, render: 33ms)
 GET / 200 in 99ms (compile: 1993µs, render: 97ms)
 GET / 200 in 104ms (compile: 1931µs, render: 102ms)
⚠ Found a change in next.config.js. Restarting the server to apply the changes...
▲ Next.js 16.1.6 (Turbopack)
- Local:         http://localhost:3000
- Network:       http://0.0.0.0:3000

✓ Starting...
✓ Ready in 1106ms
⚠ Cross origin request detected from 76.13.33.246 to /_next/* resource. In a future major version of Next.js, you will need to explicitly configure "allowedDevOrigins" in next.config to allow this.
Read more: https://nextjs.org/docs/app/api-reference/config/next-config-js/allowedDevOrigins
 GET / 200 in 2.6s (compile: 1815ms, render: 747ms)
 GET / 200 in 256ms (compile: 10ms, render: 246ms)
✓ Compiled in 749ms
 GET / 200 in 712ms (compile: 674ms, render: 38ms)
 GET / 200 in 61ms (compile: 3ms, render: 58ms)
 GET / 200 in 30ms (compile: 2ms, render: 28ms)
 GET / 200 in 55ms (compile: 1952µs, render: 53ms)
 GET / 200 in 28ms (compile: 3ms, render: 25ms)
 GET / 200 in 24ms (compile: 2ms, render: 21ms)
 GET / 200 in 46ms (compile: 2ms, render: 43ms)
 GET / 200 in 38ms (compile: 3ms, render: 36ms)
 GET / 200 in 31ms (compile: 2ms, render: 29ms)
 GET / 200 in 56ms (compile: 2ms, render: 53ms)
 GET / 200 in 36ms (compile: 2ms, render: 33ms)
 GET / 200 in 50ms (compile: 2ms, render: 48ms)
 GET / 200 in 27ms (compile: 1874µs, render: 25ms)
 GET / 200 in 36ms (compile: 2ms, render: 34ms)
 GET / 200 in 56ms (compile: 2ms, render: 54ms)
 GET / 200 in 28ms (compile: 2ms, render: 26ms)
 GET / 200 in 24ms (compile: 3ms, render: 22ms)
 GET / 200 in 43ms (compile: 1917µs, render: 41ms)
 GET / 200 in 29ms (compile: 2ms, render: 27ms)
 GET / 200 in 35ms (compile: 1821µs, render: 33ms)
 GET / 200 in 25ms (compile: 1961µs, render: 23ms)
 GET / 200 in 29ms (compile: 1759µs, render: 27ms)
 GET / 200 in 49ms (compile: 10ms, render: 39ms)
 GET / 200 in 32ms (compile: 2ms, render: 30ms)
 GET / 200 in 31ms (compile: 4ms, render: 27ms)
 GET / 200 in 42ms (compile: 2ms, render: 40ms)
 GET / 200 in 192ms (compile: 85ms, render: 107ms)
 GET / 200 in 55ms (compile: 4ms, render: 51ms)
 GET / 200 in 61ms (compile: 4ms, render: 57ms)
 GET / 200 in 64ms (compile: 3ms, render: 61ms)
 GET / 200 in 61ms (compile: 4ms, render: 57ms)
 GET / 200 in 68ms (compile: 4ms, render: 64ms)
 GET / 200 in 62ms (compile: 5ms, render: 57ms)
 GET / 200 in 55ms (compile: 3ms, render: 52ms)
 GET / 200 in 98ms (compile: 6ms, render: 93ms)
 GET / 200 in 52ms (compile: 3ms, render: 49ms)
 GET / 200 in 53ms (compile: 3ms, render: 50ms)
 GET / 200 in 58ms (compile: 4ms, render: 53ms)
 GET / 200 in 60ms (compile: 2ms, render: 58ms)
 GET / 200 in 74ms (compile: 3ms, render: 71ms)
 GET / 200 in 59ms (compile: 6ms, render: 53ms)
 GET / 200 in 23ms (compile: 2ms, render: 21ms)
 GET / 200 in 45ms (compile: 2ms, render: 42ms)
 GET / 200 in 51ms (compile: 1963µs, render: 49ms)
 GET / 200 in 31ms (compile: 2ms, render: 28ms)
 GET / 200 in 38ms (compile: 2ms, render: 36ms)
 GET / 200 in 20ms (compile: 1670µs, render: 18ms)
 GET / 200 in 28ms (compile: 1545µs, render: 26ms)
 GET / 200 in 22ms (compile: 1526µs, render: 20ms)
 GET / 200 in 22ms (compile: 1518µs, render: 20ms)
 GET / 200 in 33ms (compile: 2ms, render: 31ms)
 GET / 200 in 23ms (compile: 1470µs, render: 21ms)
 GET / 200 in 24ms (compile: 1895µs, render: 22ms)
 GET / 200 in 37ms (compile: 1680µs, render: 35ms)
 GET / 200 in 122ms (compile: 3ms, render: 119ms)
 GET / 200 in 112ms (compile: 7ms, render: 105ms)
✓ Compiled in 84ms
 GET / 200 in 378ms (compile: 118ms, render: 260ms)
Error: Failed to find Server Action "x". This request might be from an older or newer deployment.
Read more: https://nextjs.org/docs/messages/failed-to-find-server-action
    at ignore-listed frames
 POST / 404 in 479ms (compile: 4ms, render: 475ms)
 GET / 200 in 100ms (compile: 2ms, render: 98ms)
Error: Failed to find Server Action "x". This request might be from an older or newer deployment.
Read more: https://nextjs.org/docs/messages/failed-to-find-server-action
    at ignore-listed frames
 POST / 404 in 390ms (compile: 3ms, render: 387ms)
 GET / 200 in 92ms (compile: 5ms, render: 87ms)
✓ Compiled in 315ms
 GET / 200 in 465ms (compile: 195ms, render: 270ms)
 GET / 200 in 361ms (compile: 54ms, render: 307ms)
✓ Compiled in 124ms
 GET / 200 in 722ms (compile: 187ms, render: 535ms)
 GET / 200 in 109ms (compile: 3ms, render: 105ms)
Error: Failed to find Server Action "x". This request might be from an older or newer deployment.
Read more: https://nextjs.org/docs/messages/failed-to-find-server-action
    at ignore-listed frames
 POST / 404 in 415ms (compile: 3ms, render: 412ms)
 GET / 200 in 109ms (compile: 5ms, render: 104ms)
✓ Compiled in 120ms
✓ Compiled in 62ms
✓ Compiled in 25ms
 GET / 200 in 512ms (compile: 170ms, render: 342ms)
 GET / 200 in 116ms (compile: 3ms, render: 113ms)
✓ Compiled in 823ms
✓ Compiled in 35ms
 GET / 200 in 441ms (compile: 135ms, render: 306ms)
✓ Compiled in 49ms
 GET / 200 in 402ms (compile: 73ms, render: 329ms)
⨯ A conflicting public file and page file was found for path /sitemap.xml https://nextjs.org/docs/messages/conflicting-public-file-page
 GET /sitemap.xml 500 in 1136ms (compile: 973ms, render: 163ms)
⨯ A conflicting public file and page file was found for path /robots.txt https://nextjs.org/docs/messages/conflicting-public-file-page
 GET /robots.txt 500 in 15ms (compile: 5ms, render: 10ms)
 GET /sitemap.xml 200 in 973ms (compile: 962ms, render: 12ms)
 GET /robots.txt 200 in 253ms (compile: 249ms, render: 4ms)
 GET / 200 in 111ms (compile: 3ms, render: 108ms)
 GET /robots.txt 200 in 45ms (compile: 38ms, render: 7ms)
 GET /sitemap.xml 200 in 28ms (compile: 25ms, render: 3ms)
 GET / 200 in 310ms (compile: 68ms, render: 242ms)
✓ Compiled in 133ms
✓ Compiled in 34ms
 GET / 200 in 557ms (compile: 139ms, render: 417ms)
 GET / 200 in 149ms (compile: 4ms, render: 146ms)
 GET / 200 in 128ms (compile: 15ms, render: 113ms)
✓ Compiled in 72ms
✓ Compiled in 43ms
✓ Compiled in 386ms
 GET / 200 in 719ms (compile: 245ms, render: 474ms)
 GET / 200 in 125ms (compile: 11ms, render: 114ms)
✓ Compiled in 1914ms
✓ Compiled in 1142ms
✓ Compiled in 632ms
✓ Compiled in 33ms
✓ Compiled in 56ms
✓ Compiled in 33ms
✓ Compiled in 27ms
 GET / 200 in 1150ms (compile: 783ms, render: 368ms)
 GET / 200 in 121ms (compile: 3ms, render: 118ms)
✓ Compiled in 151ms
✓ Compiled in 83ms
✓ Compiled in 50ms
✓ Compiled in 50ms
 GET / 200 in 589ms (compile: 316ms, render: 273ms)
Error: Failed to find Server Action "x". This request might be from an older or newer deployment.
Read more: https://nextjs.org/docs/messages/failed-to-find-server-action
    at ignore-listed frames
 POST / 404 in 541ms (compile: 6ms, render: 535ms)
Error: Failed to find Server Action "x". This request might be from an older or newer deployment.
Read more: https://nextjs.org/docs/messages/failed-to-find-server-action
    at ignore-listed frames
 POST / 404 in 614ms (compile: 15ms, render: 599ms)
Error: Failed to find Server Action "x". This request might be from an older or newer deployment.
Read more: https://nextjs.org/docs/messages/failed-to-find-server-action
    at ignore-listed frames
 POST / 404 in 558ms (compile: 11ms, render: 547ms)
 GET / 200 in 133ms (compile: 5ms, render: 128ms)
✓ Compiled in 33ms
 GET / 200 in 379ms (compile: 71ms, render: 308ms)
Error: Failed to find Server Action "x". This request might be from an older or newer deployment.
Read more: https://nextjs.org/docs/messages/failed-to-find-server-action
    at ignore-listed frames
 POST / 404 in 559ms (compile: 6ms, render: 554ms)
Error: Failed to find Server Action "x". This request might be from an older or newer deployment.
Read more: https://nextjs.org/docs/messages/failed-to-find-server-action
    at ignore-listed frames
 POST / 404 in 532ms (compile: 8ms, render: 523ms)
Error: Failed to find Server Action "x". This request might be from an older or newer deployment.
Read more: https://nextjs.org/docs/messages/failed-to-find-server-action
    at ignore-listed frames
 POST / 404 in 510ms (compile: 10ms, render: 500ms)
 GET / 200 in 144ms (compile: 6ms, render: 138ms)
✓ Compiled in 82ms
 GET / 200 in 462ms (compile: 96ms, render: 365ms)
Error: Failed to find Server Action "x". This request might be from an older or newer deployment.
Read more: https://nextjs.org/docs/messages/failed-to-find-server-action
    at ignore-listed frames
 POST / 404 in 494ms (compile: 4ms, render: 490ms)
Error: Failed to find Server Action "x". This request might be from an older or newer deployment.
Read more: https://nextjs.org/docs/messages/failed-to-find-server-action
    at ignore-listed frames
 POST / 404 in 477ms (compile: 6ms, render: 472ms)
Error: Failed to find Server Action "x". This request might be from an older or newer deployment.
Read more: https://nextjs.org/docs/messages/failed-to-find-server-action
    at ignore-listed frames
 POST / 404 in 464ms (compile: 6ms, render: 458ms)
 GET / 200 in 133ms (compile: 5ms, render: 128ms)
 GET / 200 in 449ms (compile: 130ms, render: 319ms)
Error: Failed to find Server Action "x". This request might be from an older or newer deployment.
Read more: https://nextjs.org/docs/messages/failed-to-find-server-action
    at ignore-listed frames
 POST / 404 in 520ms (compile: 6ms, render: 513ms)
 GET / 200 in 206ms (compile: 46ms, render: 160ms)
✓ Compiled in 142ms
 GET / 200 in 457ms (compile: 112ms, render: 344ms)
 GET / 200 in 135ms (compile: 6ms, render: 129ms)
 GET / 200 in 148ms (compile: 4ms, render: 144ms)
 GET / 200 in 87ms (compile: 3ms, render: 83ms)
 GET / 200 in 526ms (compile: 213ms, render: 313ms)
 GET / 200 in 124ms (compile: 3ms, render: 121ms)
 GET / 200 in 117ms (compile: 30ms, render: 87ms)
 GET / 200 in 109ms (compile: 3ms, render: 106ms)
 GET / 200 in 420ms (compile: 196ms, render: 224ms)
 GET / 200 in 127ms (compile: 4ms, render: 123ms)
 GET / 200 in 102ms (compile: 4ms, render: 98ms)
 GET / 200 in 85ms (compile: 2ms, render: 83ms)
 GET / 200 in 65ms (compile: 3ms, render: 63ms)
 GET / 200 in 131ms (compile: 4ms, render: 126ms)
 GET / 200 in 838ms (compile: 11ms, render: 827ms)
 GET / 200 in 174ms (compile: 6ms, render: 169ms)
 GET / 200 in 128ms (compile: 3ms, render: 125ms)
 GET / 200 in 315ms (compile: 43ms, render: 272ms)
 GET / 200 in 141ms (compile: 6ms, render: 135ms)
✓ Compiled in 68ms
✓ Compiled in 34ms
✓ Compiled in 41ms
✓ Compiled in 44ms
✓ Compiled in 65ms
✓ Compiled in 37ms
✓ Compiled in 33ms
✓ Compiled in 43ms
✓ Compiled in 39ms
✓ Compiled in 34ms
✓ Compiled in 40ms
✓ Compiled in 30ms
✓ Compiled in 27ms
✓ Compiled in 24ms
✓ Compiled in 88ms
 GET / 200 in 923ms (compile: 427ms, render: 497ms)
✓ Compiled in 41ms
✓ Compiled in 31ms
✓ Compiled in 56ms
✓ Compiled in 31ms
✓ Compiled in 72ms
✓ Compiled in 431ms
✓ Compiled in 87ms
✓ Compiled in 37ms
✓ Compiled in 53ms
✓ Compiled in 73ms
✓ Compiled in 126ms
✓ Compiled in 75ms
✓ Compiled in 52ms
 GET / 200 in 787ms (compile: 314ms, render: 472ms)
 GET / 200 in 333ms (compile: 83ms, render: 250ms)
✓ Compiled in 38ms
✓ Compiled in 32ms
✓ Compiled in 30ms
✓ Compiled in 30ms
✓ Compiled in 58ms
✓ Compiled in 69ms
✓ Compiled in 46ms
✓ Compiled in 37ms
✓ Compiled in 32ms
✓ Compiled in 142ms
✓ Compiled in 62ms
✓ Compiled in 55ms
✓ Compiled in 41ms
✓ Compiled in 56ms
✓ Compiled in 42ms
✓ Compiled in 42ms
 GET / 200 in 363ms (compile: 79ms, render: 283ms)
✓ Compiled in 33ms
✓ Compiled in 54ms
✓ Compiled in 29ms
✓ Compiled in 43ms
✓ Compiled in 48ms
 GET / 200 in 386ms (compile: 89ms, render: 298ms)
✓ Compiled in 56ms
✓ Compiled in 55ms
✓ Compiled in 30ms
✓ Compiled in 82ms
✓ Compiled in 56ms
 GET / 200 in 407ms (compile: 93ms, render: 314ms)
 GET / 200 in 112ms (compile: 2ms, render: 110ms)
✓ Compiled in 57ms
✓ Compiled in 51ms
✓ Compiled in 53ms
✓ Compiled in 30ms
 GET / 200 in 328ms (compile: 86ms, render: 242ms)
 GET / 200 in 136ms (compile: 3ms, render: 133ms)
✓ Compiled in 45ms
 GET / 200 in 353ms (compile: 69ms, render: 284ms)
 GET / 200 in 100ms (compile: 3ms, render: 97ms)
✓ Compiled in 57ms
✓ Compiled in 121ms
✓ Compiled in 67ms
✓ Compiled in 236ms
 GET / 200 in 492ms (compile: 83ms, render: 408ms)
 GET / 200 in 384ms (compile: 64ms, render: 321ms)
✓ Compiled in 46ms
 GET / 200 in 195ms (compile: 54ms, render: 141ms)
 GET / 200 in 414ms (compile: 69ms, render: 345ms)
 GET / 200 in 338ms (compile: 68ms, render: 270ms)
✓ Compiled in 71ms
✓ Compiled in 282ms
✓ Compiled in 49ms
 GET / 200 in 346ms (compile: 154ms, render: 192ms)
 GET / 200 in 165ms (compile: 14ms, render: 150ms)
✓ Compiled in 61ms
 GET / 200 in 363ms (compile: 175ms, render: 188ms)
 GET / 200 in 351ms (compile: 81ms, render: 270ms)
 GET / 200 in 140ms (compile: 17ms, render: 123ms)
✓ Compiled in 49ms
✓ Compiled in 43ms
✓ Compiled in 160ms
✓ Compiled in 50ms
 GET / 200 in 518ms (compile: 73ms, render: 444ms)
✓ Compiled in 73ms
 GET / 200 in 424ms (compile: 91ms, render: 333ms)
 GET / 200 in 323ms (compile: 66ms, render: 257ms)
 GET / 200 in 431ms (compile: 104ms, render: 327ms)
✓ Compiled in 54ms
 GET / 200 in 249ms (compile: 95ms, render: 154ms)
 GET / 200 in 148ms (compile: 13ms, render: 135ms)
 GET / 200 in 166ms (compile: 4ms, render: 162ms)
 GET / 200 in 711ms (compile: 262ms, render: 449ms)
 GET / 200 in 162ms (compile: 3ms, render: 159ms)
✓ Compiled in 217ms
 GET / 200 in 394ms (compile: 111ms, render: 284ms)
 GET / 200 in 650ms (compile: 319ms, render: 331ms)
✓ Compiled in 82ms
 GET / 200 in 299ms (compile: 79ms, render: 220ms)
 GET / 200 in 126ms (compile: 2ms, render: 124ms)
 GET / 200 in 389ms (compile: 8ms, render: 381ms)
 GET / 200 in 54ms (compile: 3ms, render: 51ms)
 GET / 200 in 94ms (compile: 5ms, render: 89ms)
 GET / 200 in 46ms (compile: 2ms, render: 44ms)
○ Compiling /shop ...
 GET /shop 200 in 3.9s (compile: 3.4s, render: 496ms)
 GET /shop 200 in 1215ms (compile: 642ms, render: 573ms)
○ Compiling /login ...
Error: Route "/login" used `searchParams.next`. `searchParams` is a Promise and must be unwrapped with `await` or `React.use()` before accessing its properties. Learn more: https://nextjs.org/docs/messages/sync-dynamic-apis
    at LoginPage (src/app/login/page.tsx:39:37)
  37 |   };
  38 | }) {
> 39 |   const nextPath = safeInternalPath(searchParams?.next, "/dashboard");
     |                                     ^
  40 |   const demoPath = appendQueryParam(nextPath, "accessCode", "DEMO");
  41 |
  42 |   return (
 GET /login 200 in 3.8s (compile: 3.6s, render: 116ms)
Error: Route "/login" used `searchParams.next`. `searchParams` is a Promise and must be unwrapped with `await` or `React.use()` before accessing its properties. Learn more: https://nextjs.org/docs/messages/sync-dynamic-apis
    at LoginPage (src/app/login/page.tsx:39:37)
  37 |   };
  38 | }) {
> 39 |   const nextPath = safeInternalPath(searchParams?.next, "/dashboard");
     |                                     ^
  40 |   const demoPath = appendQueryParam(nextPath, "accessCode", "DEMO");
  41 |
  42 |   return (
Error: Route "/login" used `searchParams.next`. `searchParams` is a Promise and must be unwrapped with `await` or `React.use()` before accessing its properties. Learn more: https://nextjs.org/docs/messages/sync-dynamic-apis
    at LoginPage (src/app/login/page.tsx:39:37)
  37 |   };
  38 | }) {
> 39 |   const nextPath = safeInternalPath(searchParams?.next, "/dashboard");
     |                                     ^
  40 |   const demoPath = appendQueryParam(nextPath, "accessCode", "DEMO");
  41 |
  42 |   return (
 GET /login 200 in 139ms (compile: 2ms, render: 137ms)
 GET /login 200 in 70ms (compile: 8ms, render: 62ms)
Error: Route "/login" used `searchParams.next`. `searchParams` is a Promise and must be unwrapped with `await` or `React.use()` before accessing its properties. Learn more: https://nextjs.org/docs/messages/sync-dynamic-apis
    at LoginPage (src/app/login/page.tsx:39:37)
  37 |   };
  38 | }) {
> 39 |   const nextPath = safeInternalPath(searchParams?.next, "/dashboard");
     |                                     ^
  40 |   const demoPath = appendQueryParam(nextPath, "accessCode", "DEMO");
  41 |
  42 |   return (
 GET /login 200 in 77ms (compile: 27ms, render: 50ms)
Error: Route "/login" used `searchParams.next`. `searchParams` is a Promise and must be unwrapped with `await` or `React.use()` before accessing its properties. Learn more: https://nextjs.org/docs/messages/sync-dynamic-apis
    at LoginPage (src/app/login/page.tsx:39:37)
  37 |   };
  38 | }) {
> 39 |   const nextPath = safeInternalPath(searchParams?.next, "/dashboard");
     |                                     ^
  40 |   const demoPath = appendQueryParam(nextPath, "accessCode", "DEMO");
  41 |
  42 |   return (
 GET /login 200 in 49ms (compile: 4ms, render: 46ms)
Error: Route "/login" used `searchParams.next`. `searchParams` is a Promise and must be unwrapped with `await` or `React.use()` before accessing its properties. Learn more: https://nextjs.org/docs/messages/sync-dynamic-apis
    at LoginPage (src/app/login/page.tsx:39:37)
  37 |   };
  38 | }) {
> 39 |   const nextPath = safeInternalPath(searchParams?.next, "/dashboard");
     |                                     ^
  40 |   const demoPath = appendQueryParam(nextPath, "accessCode", "DEMO");
  41 |
  42 |   return (
 GET /login 200 in 37ms (compile: 3ms, render: 34ms)
○ Compiling /dashboard ...
Error: Route "/dashboard" used `searchParams.accessCode`. `searchParams` is a Promise and must be unwrapped with `await` or `React.use()` before accessing its properties. Learn more: https://nextjs.org/docs/messages/sync-dynamic-apis
    at DashboardPage (src/app/dashboard/page.tsx:104:25)
  102 |   };
  103 | }) {
> 104 |   const accessCodeRaw = searchParams?.accessCode;
      |                         ^
  105 |   const accessCode = typeof accessCodeRaw === "string" && accessCodeRaw.trim() ? accessCodeRaw.trim() : null;
  106 |   const isDemo = accessCode?.toUpperCase() === "DEMO";
  107 |
 GET /dashboard?accessCode= 200 in 4.2s (compile: 3.3s, render: 955ms)
 GET / 200 in 276ms (compile: 9ms, render: 267ms)
 GET / 200 in 248ms (compile: 13ms, render: 234ms)
 GET /sponsors 200 in 2.2s (compile: 2.1s, render: 98ms)
✓ Compiled in 84ms
✓ Compiled in 103ms
✓ Compiled in 90ms
✓ Compiled in 77ms
 GET /contact 200 in 843ms (compile: 786ms, render: 57ms)
 GET /about 200 in 1068ms (compile: 652ms, render: 416ms)
 GET /privacy 200 in 1028ms (compile: 867ms, render: 161ms)
 GET / 200 in 189ms (compile: 93ms, render: 96ms)
✓ Compiled in 100ms
 GET / 200 in 536ms (compile: 66ms, render: 469ms)
✓ Compiled in 107ms
✓ Compiled in 81ms
✓ Compiled in 78ms
✓ Compiled in 254ms
✓ Compiled in 284ms
✓ Compiled in 185ms
✓ Compiled in 296ms
 GET / 200 in 164ms (compile: 77ms, render: 87ms)
 GET / 200 in 56ms (compile: 1912µs, render: 55ms)
 GET / 200 in 58ms (compile: 2ms, render: 56ms)
 GET / 200 in 43ms (compile: 2ms, render: 41ms)
 GET / 200 in 47ms (compile: 1907µs, render: 45ms)
 GET / 200 in 46ms (compile: 2ms, render: 44ms)
 GET / 200 in 50ms (compile: 2ms, render: 48ms)
 GET / 200 in 46ms (compile: 2ms, render: 43ms)
 GET / 200 in 328ms (compile: 2ms, render: 326ms)
 GET / 200 in 243ms (compile: 10ms, render: 233ms)
 GET / 200 in 50ms (compile: 2ms, render: 48ms)
 GET / 200 in 51ms (compile: 2ms, render: 48ms)
 GET / 200 in 45ms (compile: 2ms, render: 43ms)
 GET / 200 in 49ms (compile: 3ms, render: 47ms)
 GET / 200 in 36ms (compile: 3ms, render: 34ms)
 GET / 200 in 41ms (compile: 1828µs, render: 39ms)
 GET / 200 in 35ms (compile: 1832µs, render: 33ms)
 GET / 200 in 50ms (compile: 1877µs, render: 48ms)
 GET / 200 in 36ms (compile: 2ms, render: 34ms)
 GET / 200 in 42ms (compile: 2ms, render: 40ms)
 GET / 200 in 38ms (compile: 1721µs, render: 36ms)
 GET / 200 in 33ms (compile: 2ms, render: 31ms)
 GET / 200 in 49ms (compile: 5ms, render: 44ms)
 GET / 200 in 37ms (compile: 1908µs, render: 35ms)
 GET / 200 in 49ms (compile: 2ms, render: 47ms)
 GET / 200 in 47ms (compile: 2ms, render: 45ms)
 GET / 200 in 49ms (compile: 3ms, render: 46ms)
 GET / 200 in 37ms (compile: 3ms, render: 34ms)
 GET / 200 in 51ms (compile: 2ms, render: 49ms)
 GET / 200 in 35ms (compile: 2ms, render: 33ms)
 GET / 200 in 47ms (compile: 3ms, render: 45ms)
 GET / 200 in 34ms (compile: 1977µs, render: 32ms)
 GET / 200 in 44ms (compile: 2ms, render: 41ms)
 GET / 200 in 39ms (compile: 2ms, render: 37ms)
 GET / 200 in 42ms (compile: 1876µs, render: 40ms)
 GET / 200 in 48ms (compile: 2ms, render: 46ms)
 GET / 200 in 35ms (compile: 2ms, render: 33ms)
 GET / 200 in 45ms (compile: 1913µs, render: 43ms)
 GET / 200 in 36ms (compile: 1909µs, render: 34ms)
 GET / 200 in 49ms (compile: 1966µs, render: 47ms)
 GET / 200 in 37ms (compile: 2ms, render: 34ms)
 GET / 200 in 49ms (compile: 3ms, render: 47ms)
 GET / 200 in 41ms (compile: 3ms, render: 39ms)
 GET / 200 in 55ms (compile: 3ms, render: 53ms)
 GET / 200 in 39ms (compile: 3ms, render: 36ms)
 GET / 200 in 47ms (compile: 2ms, render: 44ms)
 GET / 200 in 34ms (compile: 1884µs, render: 32ms)
 GET / 200 in 44ms (compile: 1850µs, render: 42ms)
 GET / 200 in 34ms (compile: 1971µs, render: 32ms)
 GET / 200 in 53ms (compile: 3ms, render: 50ms)
 GET / 200 in 44ms (compile: 2ms, render: 42ms)
 GET / 200 in 43ms (compile: 2ms, render: 41ms)
 GET / 200 in 51ms (compile: 3ms, render: 48ms)
 GET / 200 in 31ms (compile: 1812µs, render: 29ms)
 GET / 200 in 45ms (compile: 1909µs, render: 43ms)
 GET / 200 in 36ms (compile: 1858µs, render: 34ms)
 GET / 200 in 44ms (compile: 2ms, render: 42ms)
 GET / 200 in 35ms (compile: 1920µs, render: 33ms)
 GET / 200 in 48ms (compile: 2ms, render: 46ms)
✓ Compiled in 249ms
 GET / 200 in 187ms (compile: 21ms, render: 166ms)
 GET / 200 in 161ms (compile: 3ms, render: 158ms)
✓ Compiled in 46ms
✓ Compiled in 57ms
 GET / 200 in 781ms (compile: 132ms, render: 649ms)
 GET / 200 in 135ms (compile: 2ms, render: 133ms)
 GET / 200 in 202ms (compile: 3ms, render: 200ms)
✓ Compiled in 147ms
✓ Compiled in 72ms
✓ Compiled in 318ms
✓ Compiled in 346ms
✓ Compiled in 285ms
✓ Compiled in 283ms
✓ Compiled in 239ms
✓ Compiled in 213ms
✓ Compiled in 68ms
✓ Compiled in 185ms
✓ Compiled in 215ms
✓ Compiled in 680ms
✓ Compiled in 67ms
 GET / 200 in 269ms (compile: 134ms, render: 134ms)
✓ Compiled in 69ms
 GET / 200 in 86ms (compile: 5ms, render: 81ms)
✓ Compiled in 60ms
 GET / 200 in 451ms (compile: 4ms, render: 447ms)
✓ Compiled in 73ms
 GET / 200 in 127ms (compile: 9ms, render: 118ms)
✓ Compiled in 147ms
✓ Compiled in 265ms
✓ Compiled in 135ms
 GET / 200 in 100ms (compile: 4ms, render: 96ms)
✓ Compiled in 82ms
 GET / 200 in 74ms (compile: 5ms, render: 69ms)
✓ Compiled in 54ms
 GET / 200 in 251ms (compile: 72ms, render: 179ms)
 GET / 200 in 315ms (compile: 9ms, render: 306ms)
✓ Compiled in 352ms
✓ Compiled in 152ms
✓ Compiled in 924ms
 GET / 200 in 578ms (compile: 258ms, render: 320ms)
✓ Compiled in 84ms
✓ Compiled in 117ms
 GET / 200 in 232ms (compile: 74ms, render: 158ms)
✓ Compiled in 99ms
✓ Compiled in 139ms
 GET / 200 in 127ms (compile: 71ms, render: 57ms)
✓ Compiled in 728ms
✓ Compiled in 287ms
✓ Compiled in 366ms
✓ Compiled in 274ms
✓ Compiled in 136ms
 GET / 200 in 201ms (compile: 8ms, render: 193ms)
Error: Route "/login" used `searchParams.next`. `searchParams` is a Promise and must be unwrapped with `await` or `React.use()` before accessing its properties. Learn more: https://nextjs.org/docs/messages/sync-dynamic-apis
    at LoginPage (src/app/login/page.tsx:39:37)
  37 |   };
  38 | }) {
> 39 |   const nextPath = safeInternalPath(searchParams?.next, "/dashboard");
     |                                     ^
  40 |   const demoPath = appendQueryParam(nextPath, "accessCode", "DEMO");
  41 |
  42 |   return (
 GET /login?next=%2Fdashboard 200 in 526ms (compile: 281ms, render: 245ms)
Error: Route "/dashboard" used `searchParams.accessCode`. `searchParams` is a Promise and must be unwrapped with `await` or `React.use()` before accessing its properties. Learn more: https://nextjs.org/docs/messages/sync-dynamic-apis
    at DashboardPage (src/app/dashboard/page.tsx:104:25)
  102 |   };
  103 | }) {
> 104 |   const accessCodeRaw = searchParams?.accessCode;
      |                         ^
  105 |   const accessCode = typeof accessCodeRaw === "string" && accessCodeRaw.trim() ? accessCodeRaw.trim() : null;
  106 |   const isDemo = accessCode?.toUpperCase() === "DEMO";
  107 |
 GET /dashboard?accessCode= 200 in 389ms (compile: 169ms, render: 221ms)
 GET /dashboard/rapports 200 in 2.9s (compile: 2.9s, render: 73ms)
 GET /dashboard/rapports 200 in 38ms (compile: 8ms, render: 30ms)
Error: Route "/dashboard" used `searchParams.accessCode`. `searchParams` is a Promise and must be unwrapped with `await` or `React.use()` before accessing its properties. Learn more: https://nextjs.org/docs/messages/sync-dynamic-apis
    at DashboardPage (src/app/dashboard/page.tsx:104:25)
  102 |   };
  103 | }) {
> 104 |   const accessCodeRaw = searchParams?.accessCode;
      |                         ^
  105 |   const accessCode = typeof accessCodeRaw === "string" && accessCodeRaw.trim() ? accessCodeRaw.trim() : null;
  106 |   const isDemo = accessCode?.toUpperCase() === "DEMO";
  107 |
 GET /dashboard 200 in 119ms (compile: 3ms, render: 117ms)
✓ Compiled in 108ms
Error: Route "/login" used `searchParams.next`. `searchParams` is a Promise and must be unwrapped with `await` or `React.use()` before accessing its properties. Learn more: https://nextjs.org/docs/messages/sync-dynamic-apis
    at LoginPage (src/app/login/page.tsx:39:37)
  37 |   };
  38 | }) {
> 39 |   const nextPath = safeInternalPath(searchParams?.next, "/dashboard");
     |                                     ^
  40 |   const demoPath = appendQueryParam(nextPath, "accessCode", "DEMO");
  41 |
  42 |   return (
 GET /login?next=/dashboard 200 in 364ms (compile: 114ms, render: 250ms)
✓ Compiled in 533ms
○ Compiling /dashboard/planning ...
 GET /dashboard/planning 200 in 7.1s (compile: 7.0s, render: 135ms)
 GET /news 200 in 2.5s (compile: 2.4s, render: 105ms)
 GET /shop 200 in 881ms (compile: 555ms, render: 326ms)
 GET / 200 in 119ms (compile: 63ms, render: 56ms)
✓ Compiled in 1201ms
 GET / 200 in 248ms (compile: 4ms, render: 245ms)
✓ Compiled in 81ms
✓ Compiled in 77ms
 GET / 200 in 458ms (compile: 76ms, render: 383ms)
 GET / 200 in 179ms (compile: 10ms, render: 169ms)
 GET / 200 in 190ms (compile: 2ms, render: 188ms)
Error: Route "/login" used `searchParams.next`. `searchParams` is a Promise and must be unwrapped with `await` or `React.use()` before accessing its properties. Learn more: https://nextjs.org/docs/messages/sync-dynamic-apis
    at LoginPage (src/app/login/page.tsx:39:37)
  37 |   };
  38 | }) {
> 39 |   const nextPath = safeInternalPath(searchParams?.next, "/dashboard");
     |                                     ^
  40 |   const demoPath = appendQueryParam(nextPath, "accessCode", "DEMO");
  41 |
  42 |   return (
 GET /login?next=%2Fdashboard 200 in 270ms (compile: 154ms, render: 116ms)
 GET / 200 in 187ms (compile: 5ms, render: 182ms)
✓ Compiled in 3.1s
✓ Compiled in 784ms
 GET / 200 in 2.3s (compile: 282ms, render: 2.0s)
 GET / 200 in 115ms (compile: 6ms, render: 108ms)
 GET / 200 in 21.9s (compile: 734ms, render: 21.2s)
 GET / 200 in 2.1s (compile: 342ms, render: 1772ms)
Error: Failed to find Server Action "x". This request might be from an older or newer deployment.
Read more: https://nextjs.org/docs/messages/failed-to-find-server-action
    at ignore-listed frames
 POST / 404 in 2.3s (compile: 17ms, render: 2.3s)
